2024-04-23 09:57:42,667 - __main__ - INFO - Logger creado
2024-04-23 09:57:42,667 - __main__ - INFO - Inicio
2024-04-23 09:57:43,538 - __main__ - INFO - 1999-11-12      3.7470
1999-11-19      3.8970
1999-11-26      4.6565
1999-12-03      4.3280
1999-12-10      5.3350
                ...   
2024-03-28    180.3800
2024-04-05    185.0700
2024-04-12    186.1300
2024-04-19    174.6300
2024-04-22    177.2300
Name: aclose, Length: 1277, dtype: float64
2024-04-23 09:57:43,539 - __main__ - INFO - Dibujando gráfica...
2024-04-23 09:57:50,223 - __main__ - INFO - Fin
2024-04-23 10:06:26,578 - __main__ - INFO - Logger creado
2024-04-23 10:06:26,578 - __main__ - INFO - Inicio
2024-04-23 10:06:27,480 - __main__ - INFO - 2023-01-06     86.080
2023-01-13     98.120
2023-01-20     97.250
2023-01-27    102.240
2023-02-03    103.390
2023-02-10     97.610
2023-02-17     97.200
2023-02-24     93.500
2023-03-03     94.900
2023-03-10     90.730
2023-03-17     98.950
2023-03-24     98.130
2023-03-31    103.290
2023-04-06    102.060
2023-04-14    102.510
2023-04-21    106.960
2023-04-28    105.450
2023-05-05    105.655
2023-05-12    110.260
2023-05-19    116.250
2023-05-26    120.110
2023-06-02    124.250
2023-06-09    123.430
2023-06-16    125.490
2023-06-23    129.330
2023-06-30    130.360
2023-07-07    129.780
2023-07-14    134.680
2023-07-21    130.000
2023-07-28    132.210
2023-08-04    139.570
2023-08-11    138.410
2023-08-18    133.220
2023-08-25    133.260
2023-09-01    138.120
2023-09-08    138.230
2023-09-15    140.390
2023-09-22    129.120
2023-09-29    127.120
2023-10-06    127.960
2023-10-13    129.790
2023-10-20    125.170
2023-10-27    127.740
2023-11-03    138.600
2023-11-10    143.560
2023-11-17    145.180
2023-11-24    146.740
2023-12-01    147.030
2023-12-08    147.420
2023-12-15    149.970
2023-12-22    153.420
2023-12-29    151.940
Name: aclose, dtype: float64
2024-04-23 10:06:27,481 - __main__ - INFO - Dibujando gráfica...
2024-04-23 10:06:34,389 - __main__ - INFO - Fin
